<?xml version="1.0" encoding="UTF-8"?>
<!-- Generated by org.testng.reporters.JUnitReportReporter -->
<testsuite hostname="LAPTOP-H50FDU09" failures="0" tests="1" name="carsForBatchExecution.Lamborghini" time="2.140" errors="0" timestamp="2024-07-19T15:40:39 IST" skipped="0">
  <testcase classname="carsForBatchExecution.Lamborghini" name="launchLamborghini" time="2.140">
    <system-out>
      <![CDATA[Lamborghini Launched Sccessfully]]>
    </system-out>
  </testcase> <!-- launchLamborghini -->
  <system-out>
    <![CDATA[Mercedes Launched Sccessfully
Lamborghini Launched Sccessfully
Honda Launched Sccessfully]]>
  </system-out>
</testsuite> <!-- carsForBatchExecution.Lamborghini -->
