<?xml version="1.0" encoding="UTF-8"?>
<!-- Generated by org.testng.reporters.JUnitReportReporter -->
<testsuite hostname="LAPTOP-H50FDU09" failures="0" tests="1" name="bikesForExecutionAss.Honda" time="4.662" errors="0" timestamp="2024-07-19T16:37:30 IST" skipped="0">
  <testcase classname="bikesForExecutionAss.Honda" name="launchHonda" time="4.662">
    <system-out>
      <![CDATA[Honda launched Successfully]]>
    </system-out>
  </testcase> <!-- launchHonda -->
  <system-out>
    <![CDATA[Honda launched Successfully
Jawa Launched Sccessfully]]>
  </system-out>
</testsuite> <!-- bikesForExecutionAss.Honda -->
