<?xml version="1.0" encoding="UTF-8"?>
<!-- Generated by org.testng.reporters.JUnitReportReporter -->
<testsuite hostname="LAPTOP-H50FDU09" failures="0" tests="1" name="carsForBatchExecution.Mahindra" time="5.022" errors="0" timestamp="2024-07-19T15:10:14 IST" skipped="0">
  <testcase classname="carsForBatchExecution.Mahindra" name="launchMahindra" time="5.022">
    <system-out>
      <![CDATA[Mahindra Launched Sccessfully]]>
    </system-out>
  </testcase> <!-- launchMahindra -->
  <system-out>
    <![CDATA[Mercedes Launched Sccessfully
Mahindra Launched Sccessfully
Lamborghini Launched Sccessfully
Honda Launched Sccessfully]]>
  </system-out>
</testsuite> <!-- carsForBatchExecution.Mahindra -->
