<?xml version="1.0" encoding="UTF-8"?>
<!-- Generated by org.testng.reporters.JUnitReportReporter -->
<testsuite hostname="LAPTOP-H50FDU09" failures="0" tests="1" name="bikesForExecutionAss.Jawa" time="5.802" errors="0" timestamp="2024-07-19T16:37:30 IST" skipped="0">
  <testcase classname="bikesForExecutionAss.Jawa" name="launchJawa" time="5.802">
    <system-out>
      <![CDATA[Jawa Launched Sccessfully]]>
    </system-out>
  </testcase> <!-- launchJawa -->
  <system-out>
    <![CDATA[Honda launched Successfully
Jawa Launched Sccessfully]]>
  </system-out>
</testsuite> <!-- bikesForExecutionAss.Jawa -->
