<?xml version="1.0" encoding="UTF-8"?>
<!-- Generated by org.testng.reporters.JUnitReportReporter -->
<testsuite hostname="LAPTOP-H50FDU09" failures="0" tests="1" name="bikesForExecutionAss.RoyalEnfield" time="8.436" errors="0" timestamp="2024-07-19T16:27:31 IST" skipped="0">
  <testcase classname="bikesForExecutionAss.RoyalEnfield" name="launchRoyalEnfield" time="8.436">
    <system-out>
      <![CDATA[RoyalEnfield launched Successfully]]>
    </system-out>
  </testcase> <!-- launchRoyalEnfield -->
  <system-out>
    <![CDATA[Kawasaki Launched Sccessfully
Jawa Launched Sccessfully
RoyalEnfield launched Successfully]]>
  </system-out>
</testsuite> <!-- bikesForExecutionAss.RoyalEnfield -->
