<?xml version="1.0" encoding="UTF-8"?>
<!-- Generated by org.testng.reporters.JUnitReportReporter -->
<testsuite hostname="LAPTOP-H50FDU09" failures="0" tests="1" name="testng.ConfiguuartionAnnotation" time="0.011" errors="0" timestamp="2024-07-20T16:10:52 IST" skipped="0">
  <testcase classname="testng.ConfiguuartionAnnotation" name="demo" time="0.011">
    <system-out>
      <![CDATA[@Test(demo) is executed]]>
    </system-out>
  </testcase> <!-- demo -->
  <system-out>
    <![CDATA[@BeforeSuite
@BeforeTest
@BeforeClass
@BeforeMethod
@Test(demo) is executed
@AfterMethod
@AfterClass
@AfterTest
@AfterSuite is Executed]]>
  </system-out>
</testsuite> <!-- testng.ConfiguuartionAnnotation -->
