<?xml version="1.0" encoding="UTF-8"?>
<!-- Generated by org.testng.reporters.JUnitReportReporter -->
<testsuite hostname="LAPTOP-H50FDU09" failures="0" tests="3" name="dataProvider.ToLearnDataProvider2" time="8.555" errors="0" timestamp="2024-07-23T15:30:14 IST" skipped="0">
  <testcase classname="dataProvider.ToLearnDataProvider2" name="login" time="2.144"/>
  <testcase classname="dataProvider.ToLearnDataProvider2" name="login" time="3.990"/>
  <testcase classname="dataProvider.ToLearnDataProvider2" name="login" time="2.421"/>
</testsuite> <!-- dataProvider.ToLearnDataProvider2 -->
