<?xml version="1.0" encoding="UTF-8"?>
<!-- Generated by org.testng.reporters.JUnitReportReporter -->
<testsuite hostname="LAPTOP-H50FDU09" failures="0" tests="2" name="dataProvider.ToLearnDataProviderInsta" time="7.877" errors="0" timestamp="2024-07-22T16:30:56 IST" skipped="0">
  <testcase classname="dataProvider.ToLearnDataProviderInsta" name="login" time="3.056"/>
  <testcase classname="dataProvider.ToLearnDataProviderInsta" name="login" time="4.821"/>
</testsuite> <!-- dataProvider.ToLearnDataProviderInsta -->
