<?xml version="1.0" encoding="UTF-8"?>
<!-- Generated by org.testng.reporters.JUnitReportReporter -->
<testsuite hostname="LAPTOP-H50FDU09" failures="0" tests="3" name="testng.TSForCBT" time="10.717" errors="0" timestamp="2024-07-24T16:48:19 IST" skipped="0">
  <testcase classname="testng.TSForCBT" name="clickOnLaptop" time="4.202">
    <system-out>
      <![CDATA[Laptop Page IS Displayed]]>
    </system-out>
  </testcase> <!-- clickOnLaptop -->
  <testcase classname="testng.TSForCBT" name="clickOnLaptop" time="3.416">
    <system-out>
      <![CDATA[Laptop Page IS Displayed]]>
    </system-out>
  </testcase> <!-- clickOnLaptop -->
  <testcase classname="testng.TSForCBT" name="clickOnLaptop" time="3.099">
    <system-out>
      <![CDATA[Laptop Page IS Displayed]]>
    </system-out>
  </testcase> <!-- clickOnLaptop -->
  <system-out>
    <![CDATA[Laptop Page IS Displayed
Laptop Page IS Displayed
Laptop Page IS Displayed]]>
  </system-out>
</testsuite> <!-- testng.TSForCBT -->
