<?xml version="1.0" encoding="UTF-8"?>
<!-- Generated by org.testng.reporters.JUnitReportReporter -->
<testsuite hostname="LAPTOP-H50FDU09" failures="0" tests="3" name="dataProvider.ToLearnDataprovider" time="7.954" errors="0" timestamp="2024-07-22T16:12:03 IST" skipped="0">
  <testcase classname="dataProvider.ToLearnDataprovider" name="login" time="2.190"/>
  <testcase classname="dataProvider.ToLearnDataprovider" name="login" time="3.595"/>
  <testcase classname="dataProvider.ToLearnDataprovider" name="login" time="2.169"/>
</testsuite> <!-- dataProvider.ToLearnDataprovider -->
