<?xml version="1.0" encoding="UTF-8"?>
<!-- Generated by org.testng.reporters.JUnitReportReporter -->
<testsuite hostname="LAPTOP-H50FDU09" failures="0" tests="1" name="hybridFrameWork.TestScript" time="8.431" errors="0" timestamp="2024-07-22T01:06:38 IST" skipped="0">
  <testcase classname="hybridFrameWork.TestScript" name="EndToEndDemoWebShop" time="8.431"/>
</testsuite> <!-- hybridFrameWork.TestScript -->
