<?xml version="1.0" encoding="UTF-8"?>
<!-- Generated by org.testng.reporters.JUnitReportReporter -->
<testsuite hostname="LAPTOP-H50FDU09" failures="0" tests="3" name="testng.AnnotationDependsonmethod" time="6.631" errors="0" timestamp="2024-07-17T16:23:42 IST" skipped="0">
  <testcase classname="testng.AnnotationDependsonmethod" name="register" time="3.534">
    <system-out>
      <![CDATA[Register is successful]]>
    </system-out>
  </testcase> <!-- register -->
  <testcase classname="testng.AnnotationDependsonmethod" name="login" time="3.095">
    <system-out>
      <![CDATA[Login is successful]]>
    </system-out>
  </testcase> <!-- login -->
  <testcase classname="testng.AnnotationDependsonmethod" name="addProduct" time="0.002">
    <system-out>
      <![CDATA[Product added successfully]]>
    </system-out>
  </testcase> <!-- addProduct -->
  <system-out>
    <![CDATA[Register is successful
Login is successful
Product added successfully]]>
  </system-out>
</testsuite> <!-- testng.AnnotationDependsonmethod -->
