<?xml version="1.0" encoding="UTF-8"?>
<!-- Generated by org.testng.reporters.JUnitReportReporter -->
<testsuite hostname="LAPTOP-H50FDU09" failures="0" tests="3" name="crossBrowser.CrossBrowserTesting" time="21.899" errors="0" timestamp="2024-07-23T17:10:02 IST" skipped="0">
  <testcase classname="crossBrowser.CrossBrowserTesting" name="launch" time="9.237"/>
  <testcase classname="crossBrowser.CrossBrowserTesting" name="launch" time="7.149"/>
  <testcase classname="crossBrowser.CrossBrowserTesting" name="launch" time="5.513"/>
</testsuite> <!-- crossBrowser.CrossBrowserTesting -->
