<?xml version="1.0" encoding="UTF-8"?>
<!-- Generated by org.testng.reporters.JUnitReportReporter -->
<testsuite hostname="LAPTOP-H50FDU09" failures="0" tests="2" name="testng.Demo" time="6.102" errors="0" timestamp="2024-07-16T16:22:13 IST" skipped="0">
  <testcase classname="testng.Demo" name="sample" time="6.090">
    <system-out>
      <![CDATA[Welcome to Advance Selenium
Test Executed]]>
    </system-out>
  </testcase> <!-- sample -->
  <testcase classname="testng.Demo" name="demo" time="0.012">
    <system-out>
      <![CDATA[demo test case executed]]>
    </system-out>
  </testcase> <!-- demo -->
  <system-out>
    <![CDATA[demo test case executed
Welcome to Advance Selenium
Test Executed]]>
  </system-out>
</testsuite> <!-- testng.Demo -->
