<?xml version="1.0" encoding="UTF-8"?>
<!-- Generated by org.testng.reporters.JUnitReportReporter -->
<testsuite hostname="LAPTOP-H50FDU09" failures="0" tests="1" name="assertion.ToLearnSoftAsssert" time="6.859" errors="0" timestamp="2024-07-23T15:59:50 IST" skipped="0">
  <testcase classname="assertion.ToLearnSoftAsssert" name="login" time="6.859">
    <system-out>
      <![CDATA[Login Page Is Displayed 
Home Page Is Displayed]]>
    </system-out>
  </testcase> <!-- login -->
  <system-out>
    <![CDATA[Login Page Is Displayed 
Home Page Is Displayed]]>
  </system-out>
</testsuite> <!-- assertion.ToLearnSoftAsssert -->
