<?xml version="1.0" encoding="UTF-8"?>
<!-- Generated by org.testng.reporters.JUnitReportReporter -->
<testsuite hostname="LAPTOP-H50FDU09" failures="0" tests="1" name="carsForBatchExecution.Mercedes" time="2.651" errors="0" timestamp="2024-07-19T15:45:35 IST" skipped="0">
  <testcase classname="carsForBatchExecution.Mercedes" name="launchMercedes" time="2.651">
    <system-out>
      <![CDATA[Mercedes Launched Sccessfully]]>
    </system-out>
  </testcase> <!-- launchMercedes -->
  <system-out>
    <![CDATA[Mercedes Launched Sccessfully
Honda Launched Sccessfully]]>
  </system-out>
</testsuite> <!-- carsForBatchExecution.Mercedes -->
