<?xml version="1.0" encoding="UTF-8"?>
<!-- Generated by org.testng.reporters.JUnitReportReporter -->
<testsuite hostname="LAPTOP-H50FDU09" failures="0" tests="1" name="testng.TestScriptForBC" time="3.481" errors="0" timestamp="2024-07-20T16:51:46 IST" skipped="0">
  <testcase classname="testng.TestScriptForBC" name="clickOnLaptop" time="3.481">
    <system-out>
      <![CDATA[Laptop Page IS Displayed]]>
    </system-out>
  </testcase> <!-- clickOnLaptop -->
  <system-out>
    <![CDATA[Laptop Page IS Displayed]]>
  </system-out>
</testsuite> <!-- testng.TestScriptForBC -->
