<?xml version="1.0" encoding="UTF-8"?>
<!-- Generated by org.testng.reporters.JUnitReportReporter -->
<testsuite hostname="LAPTOP-H50FDU09" failures="0" tests="1" name="carsForBatchExecution.Honda" time="3.113" errors="0" timestamp="2024-07-19T15:45:35 IST" skipped="0">
  <testcase classname="carsForBatchExecution.Honda" name="launchHonda" time="3.113">
    <system-out>
      <![CDATA[Honda Launched Sccessfully]]>
    </system-out>
  </testcase> <!-- launchHonda -->
  <system-out>
    <![CDATA[Mercedes Launched Sccessfully
Honda Launched Sccessfully]]>
  </system-out>
</testsuite> <!-- carsForBatchExecution.Honda -->
