<?xml version="1.0" encoding="UTF-8"?>
<!-- Generated by org.testng.reporters.JUnitReportReporter -->
<testsuite hostname="LAPTOP-H50FDU09" failures="0" tests="5" name="testng.AnnotationAttributes" time="25.785" errors="0" timestamp="2024-07-17T15:47:23 IST" skipped="1">
  <testcase classname="testng.AnnotationAttributes" name="login" time="7.078">
    <system-out>
      <![CDATA[Login is successful]]>
    </system-out>
  </testcase> <!-- login -->
  <testcase classname="testng.AnnotationAttributes" name="login" time="6.859">
    <system-out>
      <![CDATA[Login is successful]]>
    </system-out>
  </testcase> <!-- login -->
  <testcase classname="testng.AnnotationAttributes" name="login" time="7.325">
    <system-out>
      <![CDATA[Login is successful]]>
    </system-out>
  </testcase> <!-- login -->
  <testcase classname="testng.AnnotationAttributes" name="login" time="4.523">
    <system-out>
      <![CDATA[Login is successful]]>
    </system-out>
  </testcase> <!-- login -->
  <testcase classname="testng.AnnotationAttributes" name="register">
    <skipped/>
  </testcase> <!-- register -->
  <system-out>
    <![CDATA[Login is successful
Login is successful
Login is successful
Login is successful]]>
  </system-out>
</testsuite> <!-- testng.AnnotationAttributes -->
