<?xml version="1.0" encoding="UTF-8"?>
<!-- Generated by org.testng.reporters.JUnitReportReporter -->
<testsuite hostname="LAPTOP-H50FDU09" failures="0" tests="1" name="bikesForExecutionAss.Kawasaki" time="5.326" errors="0" timestamp="2024-07-19T16:27:31 IST" skipped="0">
  <testcase classname="bikesForExecutionAss.Kawasaki" name="launchKawasaki" time="5.326">
    <system-out>
      <![CDATA[Kawasaki Launched Sccessfully]]>
    </system-out>
  </testcase> <!-- launchKawasaki -->
  <system-out>
    <![CDATA[Kawasaki Launched Sccessfully
Jawa Launched Sccessfully
RoyalEnfield launched Successfully]]>
  </system-out>
</testsuite> <!-- bikesForExecutionAss.Kawasaki -->
